CLIENT_RANDOM C59C2E1D95B8AC7355FD4219A997E959E3DCA2DBAC37A5944B09A5102FB21D2A 4889800D332793D20763091C9C3C9DBE3489D4723C26EDBE55A30BF5484EC7A51C7409EE9DE0E9880B02969975449295
CLIENT_RANDOM 75A1643EFCCA655100A7F5C08AFC92B505629B9D47A6FFB2DE6419E02D50B6F8 73F4BC2643E10EF0E51DA74ED402C2A7262C93DB68B8AFDFA658C257DFB5A2E391723AFC02054F68FB9C946979BE5D45
CLIENT_RANDOM 10A937AC43F433E3F9E319A941C89F6C9496E2E23540A96495D5A593D4F6136F 4D787FAAC7CD4DAB3E6C26E2662A0B98E8613EE9E677F5AF6696EA400C7833306AEFEC7FD30B8C10271B2B1A29A5E6C3
CLIENT_RANDOM A1A599D8FF44443B0A355D888D20110EC11312C38E2C9F0A7038F1A1DDEDED07 B5A33982EA773FA737B0D6BE7749F5AEFFF2395710DFB8B70184D2C6EC470EE8CC40E959FA71A4BAB0DD879B28B9DC71
CLIENT_RANDOM 80FD07F62A403D31C5A791DF2565EAC9BF4055FED32FFCE3F17F5FCB2ABC0433 30E85436B16F3A41A9FB3823FB53C04CFA7290FDB041E79235A7CEB1E39ABA292B62549C113A8CDF0E8D3A5AB835912F
CLIENT_RANDOM 20D7546F140F9947BFD3D91CDAD846A95C221F2CEFC7F752405A5CCE92A9AE31 45A6C7D68C548B00AA94F89A22C5AB85F693E9BCEA1093C6D7E9360975E94A049AA37CFDEFDC24E01E0271399B1AF923
CLIENT_RANDOM A0051C8C645EDC9648DCD691AFCDF74EA4C6F5545C5E0CF5BE1BD31C682338DD 6CEC300F4EEEE314C87AE2BABE63789F3341109DE2CAEDB7423A4B5CC5F95D41CD788FAB0CF439AA284459159305D468
CLIENT_RANDOM 7094C0289DDF7473D1DE1403ECC89EF2A26E7C51BD8A8C2D073987E9812C011E B9868F21DD06C9FC1EBF74957DD5640B74B9BD9365A45B1EF631D5B0E0555B259CC2265D8FC13E8C08EA18B79EA6FBC6
CLIENT_RANDOM 9CC2D4AFC3FC8DF3FEC36F84F70F7C44C0C1BB26B74FF3760723EF91A538E4E9 D923A2018E78A7D08758FCB09E3A13281A2FD5A27FE5BB1BA077E86F641808A8548BE33D2FC12C5BFEDB5B49AE9F7C84
CLIENT_RANDOM EDA66D9E1355BD4F9FF606C19A51DF7E951529CECBF846B25DEBBC1E3D50D75E 34D1CB41FD7E04A52911D3A0548A0C542DE90C760E6FA7FE26D4A72B6FAD8CE3639F9ED6CCDB0CE027F1FF3114AEA08E
CLIENT_RANDOM 5151C1F9D9F9E4F4AC7584F43934600FCAFF69036223CDA77D467AB692A4BD6B D227F33A4A58FCA13952EFC84F460CC6297C7582278CA5680C2219C12D61328529224381EBAF6AE470C94A236C67E388
CLIENT_RANDOM 618AA40CDABDCB49E820549A883DB880764422440BF3B853FD6220FA8DA99B8C 66911297B0901951E82B3ABDE11597BB5B734186E29E68D8DB997FB4F2ED4233C9D4C3D9275E27D0D84BBD021F9E40F7
CLIENT_RANDOM 8D185FE4656026A8035E8F0F8ABE3E2A581AFC99485174401621E703CC716831 40D7B00E8DF88A2C39C5A7A254EB7260F402E7FA6D426872057E7E109F387A5CF30F1F8F8472BA4790BD935307A97258
CLIENT_RANDOM DEDDDB40F38C67522CDAE178C74152D4695C852C73E9BD86297F60257A34E390 728FCA68280207320711A07C02A9B2AAE1A23C62787FD59E108549E6A30E3556D83990C9DCE16EF4348BD10E0CA703BF
CLIENT_RANDOM CF43D4B836F107CE20EB4107ABC29AED459142C7E1E70D35CF98C06888C81AFE F56F70A42E8AC5C46116DEFF80DAA4C1A62A22F17EF050584E953BE609C11089E171B11F90243209FA332AB923B2ED51
CLIENT_RANDOM C5F5ACEA790A6FC77BD06F02F4FB6FB04D50B388D74CFEDCAB46F7A701B9BD45 FB9FC307E0D87921E896DBC937EB733CA22BE9AFB3BA7E19C5EE1A28CA479BABF5584661A1F40ABEA3D95BC5750FE00D
CLIENT_RANDOM 0C95C2098C3F6DAD6C9782540A2B3EF39D0F5C9420DF083118B3E96F6BC5DD57 B1998912191D99B48100C5034994307FC93392747DB8BEEADF6BFEA42BBEF34D3DB06B07163F30C30E0575FD72C8F33E
CLIENT_RANDOM 53EFE0AD63BF6C38F6B1CFFDB7DBB16140B80AD4F2B7E94DE56233C0D71C6505 ED1A8FEB125C07ED8BB84F00B468FF7035F0F98D3AB6B24DBE3F8F6CDDAA5827FBD6118FF0135B8700E761B714964086
CLIENT_RANDOM 929A25FA5EBFB016FB4B8BFF06AB1A6DD8D4163FB9DE0060596A02CAC6E47523 1EF07C1693DB9E872F98E7EAC44955109595EF18C78B5A7514412DA64B7064B9028E1DE13EBAB75F6757E07B76A145C0
CLIENT_RANDOM 578E2507C9C2181A23E6F6E5861BA59372F2FFA92BF9923665A5405A8C5A0549 F4C2AFE372CCEC810E505D078B37ED59FB24D41B1152E85A716D86625695C7272F614299B092A1C228914E1E575EC674
CLIENT_RANDOM 6EDA53FF512A199A4029B7BC11E6311655CAD3760E1958EC42ECED209C7A6940 1E3F765096B17D79878AD140B6212CD1CB643566FA64191FD845CC56B727E525A7273B7AF89226792A066957EAFF7A16
CLIENT_RANDOM 3C638066F584B35799E89BF784EDB292A778AE0A89D32B90134DDCFEB78E2C69 5F5302FF3842E688D1F417AF5333A4F8C67382A0360584B29DA722D4810B95149D69DB00B1122168F6F4D5946689C10F
CLIENT_RANDOM 7BE04C420F0C6199D4E0259C4E8FF49FB89BC46E61117C03263D79DB650FB502 4C2CB00904D032136A75E8622E43FA031753F95B90EC4E8D6499DE4BAD60F577B834F069B9B2B4850897B5D167C3C66F
CLIENT_RANDOM F64BD2733EADE0DD33131D8CEBD47DFD8CADF2F77F85F8AA24897A0F98CF4C07 62A2B854AA2178982DB23ABB548FB51DB033AF75431DF801922343F15B610CF78E52B8969D74893E4FD3016A67F837AE
CLIENT_RANDOM 0A676EDEE92FD5C779D11A7C284F8A96E1C269093900C42E6EA8B6F91CC92E5F F2441F106CD68E6F8306849D60F419BCA1E6BE5F4A4485EB9FA5C6C001B50FDB35F4275E874E83B8D8FDF2C855A9FF6A
CLIENT_RANDOM 55088F1ABE950538CB45FCF2FB0300A6F32F284CF8A9C9C0D17B45C6889903DA 52FC87F7256C456E631C44F7D6E4D2A6BD91742DA45CD8A5FE2651F42CB6164D239C5039D7A36A7A2E82091BF0A0221A
CLIENT_RANDOM 7B03AC1175536B44D8246996BE04909B057EB2955B8B667DB5BE72762500C377 332C6B0836DFCF687156CF80E35F37162F75245DC591099A5C624C8D47FC4C95EA00D667F038045A20B3C7D3958ECFEB
CLIENT_RANDOM 9A9145978B371B4E33A768A64EB1276A4765685E942C2E3498DA223B0FAB02E0 3B4BDCC54F5DA70D0FFC04882B7062EC182D3DE7D3B00316E2C8119EA7E143D56CB2315F0F3645D15B711B415F5A6C0F
CLIENT_RANDOM 91E18A065840D131D460277EDA5C8133DCF43D876496E8EF8931B1122F22BDEF 44A103F8DBFEED9E779B1904206D6603D002AC08132A2463461664AD5005CC8F7CE5E6882082F9338F09BEDDA16B8265
CLIENT_RANDOM AE0FBE84BAA73FCF8AE26E333D17547072B191FCC95C88C24F4D752CB4BBDFF1 1BAB11B19B7EC07680C7CF02FF855AF584828903A973CC9141B7D9CB38648C95D8C036985D532C28B0879704D9114E28
CLIENT_RANDOM D71310CF585CDA25EAF9DF4D5F65E0AF354E61E0FFAC783C2A7C9268A6EE5004 D0BD3F9F94E5AC769E0443ACD34A3FF454E7BEDDEE38A1813A4EA75274126AB0ED59FE2A4F5313BCE28D17FADC0A45F2
CLIENT_RANDOM 615CD3F4E0540E8620EAFC0C370330941464A34E3D32CE616E0AB3B0AFF9C696 5E2AED0EEAB4EDAF876F5A112CD4ACB36EE6BD22F4623DE0503A3AB1E478E07E05652217FB4367764991407B4C9E2629
CLIENT_RANDOM DC3F939426260AD50BA408DC4259C6B697149D11EC961D77C8EE92503BFFBD96 606A6C7F7DDDC6405274D9EABCA4ACB1EBA230F07F2407C2366DA8F5E5CFC1C73E7622AC71BCE83C35A5875EF13DA588
CLIENT_RANDOM 931F15EFB2067AB26C14DD3406B7C393D35B4D87D84C69FDC415715A795A1BA2 0E11A1C72A80773CD03A123F03D7AFDFF0A17C4C9A0BDBDB55B56E0413E417BE5BF0680D19F16BDE01C3D8FF7D2FA8F8
CLIENT_RANDOM BD8E03DDD70D9F818B2F1ED684442133C8708C714045016411A4EF369225A77A C893CE6E035B68984B5718F69BE6F3EE9CC990595857E2ABCDC35BA8D755B22B12A3DCD185B3DA890C268272A3D7671D
CLIENT_RANDOM 7A99BA5E9F02EAED502BD03FD69B73CA637846009DF326227B005C837216562B B547C0983619D7622D9E81CC05A3C08B12391D04524EB2AC4D365B85CA2DF94A09782366EA80C63AA24D1EB7D1F9824A
CLIENT_RANDOM 4D40DDD2B135F0E632FF090BC8DB1F3EA794DEC965CAD0605464A1434D37D99D 5B0E5367FF11B4F703EF47220241619EFDC30456B33B51BF706D4222EC1F2C2C086C5557BC0A54210A8EBE05FB1667FC
CLIENT_RANDOM 7391C3A802276B103E7FA9325BB2C7A66881B73F02DA96FD2D612C9B2E16EB7F F9F1125A47AB31B87C74D162878AFB6F7D0B8870706616D0433DE462B5274BEE00B25ABF36B0FAF5B77C0DF8D3FEFB30
CLIENT_RANDOM B66D09E339F7A3DE280D9F3D00D77C0A7BE8008FAB76A4B0DDBCE34054826DEB 85DC3AC001C798C2666AB916E3C26BBAC063A5E1297AF16F54316CD629032C8187F418C9C9219D06C36CEE86C3731974
CLIENT_RANDOM E4B9F67B5E73B2BAE4265DDBC1040BFF76956DEFD26EC493764DA3B7E2D831E3 BEFC4B0E25BFF7C6C6C708F75ED3474D08124F4023FBE1D869E7361FEA42154E7AEA3EF758E626A905D71F2F356F9373
CLIENT_RANDOM F65D44571CC82357781BE09C5CA8254C08E9C8F8AA92CC46614F96BBE62E0D9C 5AF076519FBE99FB6E82F84793073AF92754E3AC5DB1E43C61067B68006AA206413265CE8AA5DE3E0FAD1B7C09F95941
CLIENT_RANDOM 8988E0B5F50A838EBC3B32AFAE3FE4850F0E1D36AB14279FE3BF36D9404157E3 A667C309A1460E795F9E8D19A0C03E9D2FFDAED9EA3E2486322760C0BBFF8792BEA8150ED3702DE4399C2120B70994B0
CLIENT_RANDOM 656D4AE9B108C377128D6218CAD36C2F7BB7F66B6DC03FC54A1C1B8FDC4D035F BC30E55697F48C855C632AEAACA73C6D4AB241E36BD5A7F11FF5A59A2AC57A2641981D731DC473CA7F22178F1F5E550F
CLIENT_RANDOM E1A1689CD02C5B4C6E86E36A4C4ECD2F6473C208621E4D7E9B978BE00CC03751 42FAB5E6FC5072EB0FAE038B011FBC46397669D7967010D610DA7D998F06687963E4485A986A935CF47849A841DC6741
CLIENT_RANDOM 098CB219B57BFBF0704CC1D08AB5DF249BDAF938040D2B4CE3358AFFF15DCB8C D7F476297F63B4E8DB29FCCE18D2955AEA5D85B1135520E906C05A34F6464D18A5D6889EB4BB9CF68B63564F462C128A
CLIENT_RANDOM 9C800A3637AE850763BE8C294A266938E37F7855343EDC5EB92781293ABBF88A 1AE4766410BA2A95859BF2972BB1AF2C910A48591C9BA8EECBF8F5DEA777B16EC93BFFB15518DE6CA3DE8C9FE533F453
CLIENT_RANDOM F99728130AC49390A273F52E6A491E40B05822AE29773451B17D61239DEAF44F 75CE33D1FAF1CF722E3601FCD07E9D4A40435B5661B077E5793DC00518236AFB343773DA0E1BE12CC0186267C03EBC56
CLIENT_RANDOM 640B9E84D16BB42831B0FD12546E313957337CD69E3E33FEDB550D4FBC6B4EAC 1E1BA591EB3F5905BF2BE0D80068B4446CE12BB564269FDE1FDE6EB5A455416E521467AA28E5FD16D1201B66A7100603
CLIENT_RANDOM EF34FF2C435D605A27355A6C7FE9031C66CB15D5D1D1520034513E78EC62367B 05BF08E2CC970422391B9A15C1D50FAC26252EE885F1BEB309B80742FE3E6640D2685E3922B7B7E75352D61F16A9CFBA
CLIENT_RANDOM 0BB94940EE2182E13F0D57ECECE7A7254957E127C95EB853C1862EE16DFF84C4 DF6EBB44AAADD4E4C780CF7175F554DED4D91B6F0569435261575B2F79D67A4254E282D5C2EDC489B52A223DB971D87C
CLIENT_RANDOM 612A71AE503410C7EED0A7FCC58E8C50AE41B27AB7F2CC520DA445DCFED3FDD2 A175DAAEE28484D27B808E9A179B607B7B7E178E3D6C27E3B8E27E80631549BF29DB10D16162920AE0BB584D5B3E68C7
CLIENT_RANDOM 38993C6BE100B296EC31CF55E172826A06619DFD5CC51EC362FBCFF148C6716D AA2032AE4E7DC4022B2D5473D45C46AB9FE58DA79915136891DC454E3D1882134B476DE617D783C5DAFF20D737231B56
CLIENT_RANDOM DE30290AF7E2063C5A3AAF383EA03FB065C56B62B5EFD5929863F83C2B47AFDD E3F53C29D0BF1B47BCEFE75260D8837840C928595CFC56EF5C93C304164CFA63FBA0C783E23F6D404AA31C6D1F78FFDC
CLIENT_RANDOM 7AD4C2CA59DFC335AC4BE619504DF226EE79EFBEFCA7A2656447AF822BD3213E 279F0E96777DD8B39C952C5F2417E6A1F68540FDE880A8729238D5C59E1DEE67073A0751436FCFD227F8D0FDD5C401DD
CLIENT_RANDOM 128E45398F5FB60A08DD0E91F342624AA852E0B92691C34B44874CE7136F5D84 3550A3CEDB3A2D5F4E4887B8347F2D3C2CA3626D0792FC83DD32395BAD8004249F7871E6161A100D3EB218BD04A5D127
CLIENT_RANDOM 15F293A0238E65A37EFA2317FBE247828FC05BD90224388507D1CDEA8C886F9C 23F7DBB4445E9AFA128D2363D47D6F49893D4AFAE24D5CC1F418A925A0F6F26BE3E9B0BD821F4BB836B3A64527BF7BBF
CLIENT_RANDOM A15AA7872BEB2C866447B7B01BA660EEA328C02A686C0EA59AD4F4CE26295AAA D9D80DFB047A1994B263AD355D16089606D29588A91F35391ADD63F4F3BCC050E05FD3568C5E73A05E03E3AAC0963022
CLIENT_RANDOM 9E45E8C4EE40B4CF55728F3D2B20BD539550ABA8560DCB92402E270150B294BA 7AFB3C8FAF599B597822E1C173DAD91CCBE2D8AFC708AA1A4FBF9EDADE09EE4DA65EC5CC077C9B00199491281B4AE6F5
CLIENT_RANDOM 1DE09BC93144A996EA999B785DC9831D13BB40D604D3961E517ADCC737BD2558 90D966932C8EF41518E117C82D8558F3BDE294C74AA52F29A1AE495DDAD473CB6F8757173E69B677B1A306091448522C
CLIENT_RANDOM D4BE598CC09658E1B9474A879927170E2551CA5BE6E23423E4DB8B9297850D04 E4A7EAFBEC28CFC07CD1D4E8BF0B133CACD7D03CBA8CCBB54C9A5E427C97A9364F27143E8C4C720AECEE3C435168BED3
CLIENT_RANDOM EFC28920BC7D818CA30ED13EC0D2DDC6B6099A88D7008EE7072A172560CEF9DD FBAF71206949DA59B636754A9D2BFF1D164B1A73FBE865887C3E6002CA7B429C02327BE4AA0D73A7CA33BB6822ED01E2
CLIENT_RANDOM E74D778C8DB17F3F328707B05C9F6E058EAE5E47B08E4EBF539A88F8B93C25BE 1CE460C8BC7E9BE1A80A29E323922289E559AF40ABEF258E85C10FFEAD5AE795ECF043FB1FA7F2A3255F9DCCFAF9984F
CLIENT_RANDOM 97E5D2A7E3E88F1037E53509BD6E06C9541E2F5A42E5690477C105A6271400E9 D0BDE935C455BE89307210E441F4823A020AD86E93EECDF96609AEA7A21AD5D161B3F7D012A05A4553121023FC01DD58
CLIENT_RANDOM 747C9FCA06E12257FE1425CCA4B293C8A746FECF3D6DA3F80D3D7BF5EFEA6F22 1DBE2E7A3309CB904C3F09A8DE20CBA04F6F887843238CB31C37DF1C36353C0E8427D3ED332AA1F2BE35C91AAAF0960D
CLIENT_RANDOM AE22A1A355CA65E623A8ACF605F75A95D9ABC533C438BC997C7AE87A022E0BDC F889D4AB73FCB8A1FBBBFFC6CA35A3DFEAFDCE00CCCD8855692A5DAFB88AD002988441F91B55116646337B7F5D2C9094
CLIENT_RANDOM 9215B4F1C44C813903DC4E4041649130BAF063F6D413266D2C4FFF975DE21570 A76C3E17CCC3D0E34C0021BBC8F7B1F5BF5BF64C72084AFD0CC39EDB6A5DB7FF81B59BC9EBCA6F0A5CFE060FDAC9E36F
CLIENT_RANDOM F4DDEF23D7F1B15D1C313758E0A0522ADE9614A249B1E9B13B7DB8CB13B23E57 52D26484D055A088C9714D89FE2D89664E23C34E0AAF58C361A3C32EFA43EF18BB01E5291CA3D112F9CA5A8B58811D1A
CLIENT_RANDOM 4A44D1A7375918D9574C04868F9D50A2134FF34E47ECD26F507F0269F5985360 8DBD9A313A66BA50E9A5C5E5B2C275C70B15503DA8A7897FD8522451CEFDEC0ABF10D13121D862918F08CCFD09C9FF60
CLIENT_RANDOM D7CD0731BA4EA676F3DE6108F7B0827F9E1F03B581F55A2A1D21C8916C86546B 16753AAE725C579C915FFE1DFAD28150D7FD0DF958BEDBA6F5816A674DF7707300DE00E51621A850B7D244116F08A7EE
CLIENT_RANDOM 3862264F4D1EEBB27753A3DE61B7F45C72C16968FB07E22245E78508EA9699AB 9AD87275A530E221B4A846F49D8835F667EDF64AB39B3D06DA2A5F7ECAD168C3D69EBABE74FB79186146AC0FEF189FDE
CLIENT_RANDOM AB553FACFE1F2703C2968037541BC44644728FB72C151CA4880D9E797610E170 ED305F900C6692B3FB7EF2AC354C32032C440CF17B2B8703D22A7B011349B7DBF8183936A7DE020190B3548696A7A0EB
CLIENT_RANDOM 05A2709C2EE5FFDFF4BB307D01E520BC31019C386975871BB936D546916A7520 4918992BD497A6085B4062110130AEB30853C591067E5F8826CCCFB1776B3F9941F488031A86DE3FD32F515A46E7E1ED
CLIENT_RANDOM 65113C89035C074468EFAE009111B8282E6FB2C21512ACA3459240FA29F62886 737D008446D59D2DBF7CB4FFFA9588D3E3E6FD7C6E75271A18E8E5B5C3F62CE45C7CE3E48C5EC4061F93454D015A0211
CLIENT_RANDOM B933754C47B51293B0EC1260E8554D511E6E13A57F043E8FC868218ADDF9363D F837D331EC8266B56F0CC774ABB2CA9D054D7664547D2465AE6ACC7D4D02E8D90DDBC86680FC9BBDB6C68F6AFF7B0A66
CLIENT_RANDOM 2D89FCECAF7A7C4FA18DEB12D000DF8D6029F97B4CF6438AAE6FAC6C36C6D676 12BBE4AC35B3E5EB30D04AB89BB24863CE5DF89B1862389CFB3D74FADCE17132C0D424E69CE167EF93F518683E27FD6A
CLIENT_RANDOM 60B9982438F69A24E9B50FF364EF4914DC4F2FEDBC4248B64121D832745F569B 6277BDD547462B0E1433EBDE8CE08D02F07CDD3EAEC5026B90DA66E1DE36AD00075D7DD1D208E7303A9452ACE31437CB
CLIENT_RANDOM F0EB0791398180154E9A8F39F27C8EE8BCFAF6C4857C1A58A58496F2C4580C97 0325329EEF7DEBDBF04ED91D24EC0EA5FF4DAF81A54E344D860445885BD80ECC42C9B9200B5C0B0BFD8F93771D99E84E
CLIENT_RANDOM ED22ABF7D7C9E1BD04989212BEE537D2F1FB5AE86E891D196B221E40143B3295 3EA78AD1CC23ED3D72E17BCAE7A9FBE483F6BEC9502867EDA61E383C1EFB9723E9E04B3A23CCF8E3A539F8C9911E4F95
CLIENT_RANDOM 6FD1B70E4E69DF609007B05A9C84D8F974681A9C74AC5E64AC6C330FE2ECB42E 7E03463650DFBE0695C7F121AA353F05959102F650CDFE11213A33CE377E390B49AA004E61DB43442D9CA707337CD1C5
CLIENT_RANDOM 679B1D75FC1A318846131F8CAB507190C285407EEE764FB1BF5167F63FA10F75 46D78BB68D7E5D45AD190E058EDFEFB321518492EBFD358D8344549F6E45B847617BAE0D69CAF3F41BDEA431287E583F
CLIENT_RANDOM E34BF35C8B11FA77C703EC98B883FF8CF194E0A3C3D0C4F20093DBBAA8F9FE28 3792C392F12091B9A790CD56402106F1BB56B1CE08045EC3B35B9CA7DC39D9754320C6FB785D51BFFF2A92559C2860BB
CLIENT_RANDOM 6B93C582B9F35F129951A9A1A5DB1F6EA3BDF273341350B156A7B277F0625A69 50F2A4B87EB9DB4AFF6CB3C4D94A73CB8F03236A98F0CD4C640184D350E2AE983F808155C23DE27917FB217BDB9A6FC4
CLIENT_RANDOM 0D424D4EF7086875C767BB5C9FE6F0EBAA317C5A8FC5612B4686BDCD60CDE291 A8FF18D837EB833211FF9A85EA97FF1355A3776A50D82D10828E0FA0B66BB57B7F8D8094AC9369FF2D3804913BD82239
CLIENT_RANDOM 7879D1A6A73BB49406483FD0C6DE296ABC58E5854F95A9CF19FBB8A5599FF286 D436071BF02EE987A0294E8AB46CF91A16C3AD3A0DCA7D5EB25194D0784CD8DC4DD9A212007D78D2230787528C43F9A5
CLIENT_RANDOM E1568D2AA73F45DA8CD8B9DF9A3147834A2A71E5ECA23C625CFBDDF060A962D6 B3290CBF824DCA348A6085EFFFB4A1A7A8B287EE357535582FB685DEBAC69202F6B276882DBCBB047DE0BBA7C551094B
CLIENT_RANDOM 23B38919220AD5233CD88EF8E52D5218FED97851887C03BABFA9399C4D45EB79 21C9F88A74943A9D795DDFB527731E9B8DEFD15C466E70B87AB393C3C3CF80D5CD70013FADAD75340C48C37CACA78947
CLIENT_RANDOM B9756546F17075B68C70B13C62727B8DC68B82AD3427CF2B9FF4397BBB41EDFF DE6B0A2FF3E2320BAFEBC34EF30646DAF6DCBE85712AD7EEFE3C4A20EC85D59C70DBA96EB848D0711910EE41661224A1
CLIENT_RANDOM 7E7EF4CA587C4BAF84F3E4EFFDA35D59B92783CE9D87A9AD49737A3DA4C6D49D 3F2FAD14535389E6D8045731426994F88B34F029B7574F600A6EDA8915D14A3247681B873FF963D1EE04AA38917C973F
CLIENT_RANDOM 8E17F38F999BDA096EBD7E8A3A586D2906D23F01B762C445F1E165D5CDE43DCA 97367DE446BB83C7449F12286EC603B7F7F570395E3775ACCCDA6942266F57E41983D8309122CE473063167FCDF16AA8
CLIENT_RANDOM FBB39C77A91CD71BAB116FAD6EFDDECBA07ECB0E03B83CB20511E58F92286A91 D98DE9041192D5FBBD4ED6C68176CC1C6F754439FFDBD48A740D1465211FE38117B153F03B6EB8CFE1E0DEFC6C15CF65
CLIENT_RANDOM 11555D9E70B0C42FA6174674A558DB6C0D0523563C6A86A1E5154C65486B5F5F A67A00461D58DD24B1C87C8892197807C8E65012DCD1AE3E16BBA58BF92D5A7A98E4C090500EF8A7EE27121470CA7EC7
CLIENT_RANDOM 7819EFF63AC1CE58F9C6EAB43CF6488055BBF6119C119ADBF3ACA6C9B15389E7 5F0AD94E2AA3F3CF05E99D7B695A6D0A86E06A6BF22C3F9D24AF3F29F42E826B1157842CEB717E611E237EAE9E940FE6
CLIENT_RANDOM C1ED6948F75CB6BDA49BBB3BD0CFBA841A76000317A34358AFE40F4B84C77720 B68D51A4B1FCC9C1C200661F3E6F1FE0C814DE901B45EAD339B3015F3D6B931BF617D2D4453282C63586128803341D54
CLIENT_RANDOM 90E9FC079878409A7C12D744F9C5016FC46F38EFA991E410DD38C1C615E2D7E3 C14A629E057E5329FBEAEAE87B1FC6F3792DE71F6A848E4CE2BE202B49816901B75A44CAB0DA36CC6D1038CA1D4F31DD
CLIENT_RANDOM 7A28B5876BA8549D2820B6C1D9C8D95BA5902BD7F260A3EABC47BB21318D0BD5 B3A39513CCB02A4B4F6F884E6CF7C96D3833F8046BEFC8628A641A67DECAF8E8F42CDAC88659490D89FE8CC3AD34CB6C
CLIENT_RANDOM BCA0B017582A40960247BD69649E36394AD77B8BCAC0B1F39FC39276D899D951 B4501E5B1BE5D897E1D7B04DD8759C5DB690D7630BAAB2A2ED719BBCDFC9A411DC640F5EB64E6BE594EB5D318ACF0460
CLIENT_RANDOM 69BD27C9D2AD4094D7C7207A2FBD169F4EF8321C9859BFB60F70B317ED5CEC87 FFC44D2E59927D558E0170277FF33DEB5EEE375175E4F3D27EF0F44A5424283B4C49DAD8ACBE4B51C180BF97E9EF52A7
CLIENT_RANDOM 3E6C557C3FC99EC700570267090AA0340FFFC39944FE59DEEC532F0C298EFD46 56146F7C7CCF51A89924F3212E9E66164F004CE498AE83D7424F77EB8FC6E9B7D888BEE66D1BEB38330F3AD99924E40A
CLIENT_RANDOM AB06F25B64E18C5150A94B6392BD37115F4E9CEB655921589B177997B0BB35CA 45022F7B7C91ADC8E57A564D6C99CE04CA2686033D67C5FFAC55337005F67C4C2F5EAD535A629F966FC4C2FEF4866180
CLIENT_RANDOM 7E1C4B6392B6BB3B45E4FC35ADA2DC90445276A20797BFC033C0EC1198454EC4 079B4F977DC5AAA2D207F8B3BE399A2A44C75721CDEF02D4619BEC2F7CB9818A5FCC8FE809F1F03A7FAFF31C540DE349
CLIENT_RANDOM 42676041922368444C63B81BB94EC6700DAE9307DFED5AEB71094DFB83222BD9 83E6D0DE123E69A791ADAD50BB5B75E5FA9A6883D8A0CA55798C6F4CFC7D320A8582293AAE53933F5866271C062126E4
CLIENT_RANDOM 64A73D7EAACDF6879C428A5B34A61F6E96136AC91CD814794AD77AFF964134E1 8AAF8346DE905B0C74F9283EA5734CB1D60CC1849AF619E45282BC2B3525C708203669D4F1A8AB80B424D7A5FF2ACCA3
CLIENT_RANDOM 39C0A39D73C4A775A34D50AC5F67BCDDD623BB5C49A0FCA4A99FA6D46B22A440 0E1C2D6F640CCBDC1A069162BBFB8F0504CC951A532EE49FE5AC326221DA8BA46E2E7A6176ADDB54EE29DEC2F0280A2F
CLIENT_RANDOM 5487DB91138029097AF20CF967752357C6B64953CF358EF09A916576B9E9F989 A8B4D58935CE7D0F35D5C0F5C998CFC54BC2717E525DEE7184566F5CF3398A2F3C80E4D3657F3794177593A2FD215CEA
CLIENT_RANDOM D3C391D1F1D1B0B16EDBEFC110F6096981B17E84BDBC7C3CF0EF2E6498A1D8B5 86BDCC0486CB7CBF5106667A4E0E2A037F467A01860353869F039A26A30A16B008F42403D9D8914A7D5C28B59061081D
CLIENT_RANDOM 721CAA16C9AF2D5F39110503006EA3966D921E2D0BF42EB671B7CE81FBA4EE15 CAAAA59468FB364887D5878BBB0E42F1CD046F1F4C201AB045FD572BC8B6382F741A79A08EE0A25DE74155E17159ECEA
CLIENT_RANDOM A270885A9A10911A1AEE72474E03B59F6F5CB71E3B81F0B98A96E28868F4E06D 41756DB82F5ABDC6B0D01DC17999DB86A910CC22CCD374BFE87D397938DDC1ACA7749F8389FB7D26626B3A925AC24859
CLIENT_RANDOM DFD6D038119355CCD4912D4771B80E91652CA7128DEE135492255F2E69A813A3 159A7CEB08791B4CE7286C70BC51569BD9DB0CE248ABE29EBE61753171009BB6905A90B388AC67C994D88E861F387680
CLIENT_RANDOM 3C1DADBB8D2BC354BE95EF10B10BBD620528D40BBC46BA2AD6D95CC802B51AD8 1C303930663A18D131DD3F8AB99C3F65FD738875E6C9CB84EDC7041DB6D609DEE5D040F8760CA428A201CFBAAE99798C
CLIENT_RANDOM 206A9D6041D0485593FBBDBCECE74ACF213A17DABF3348F843668E19E56039CA DB95FD103A23F8B16E3853971A5E9F366361D627DCDB56DF80A80C22B8E86B27541F892157342C617A18DF328A2C0214
CLIENT_RANDOM E97CF5431778CAC45E7A2C1E60939B160BA30B274CFFCA01E87E5F8CD8CF588A 4B1B29D9A498F820143BF76F598274CF19D38B4B106D9305D4FCC2951916CF4415C987608C51981B489D9161A0FD91FD
CLIENT_RANDOM C3988091249D7BADBD8B02ACDB145E80D8FF15273224EEB053A93DA7D7942E38 60F9023531334D9EF18A3B2A2FE2AF86288E60EC5F5A069CA14E4AD97178ED41831A5117E525319BB7BC3454BBF973D1
CLIENT_RANDOM DEE843A0A8990983291629C5D838797E5580EE5E53757F731BCE876DA86007E5 380F1E6C18A7E12994CAE7257C4D7FC684EFC339CC995E920E0ADCB2413848072EB05A96959CA6905D2A7B6733B97C13
CLIENT_RANDOM 8092E98C15687D23C66CDFC5900564F7B4A26F6AA859C2FDCA7A3FA3F6AA8BAE 49145ED16E5B869FFB24EF3B5A0804DCA4CC4AC601EFCA820FFAB397ED6D542B7DE7AA15DC6D32139B18BFE1FE67C459
CLIENT_RANDOM D364F2369A0A6D025697E519283F66F597F17354293E219A02B88AE627104729 FA89EF59CAE9A6FCDFE4DA92FA7AB56D31A13EF319D9F69A03C9460906AA667C3A9A28A59831BF93BE4FDCC409BD45E0
CLIENT_RANDOM 078B9B452F5C6CBD4F7F57C0CF4FF6E7FFA231A7E3EC52BCA23EC13C6B474CA3 C76F90C1FEB083C0594EFF885D313C21B5C22849E88DE3A3902BB814D8FF4EBFC455640E9EDF6B25786406B93D012540
CLIENT_RANDOM B828C5C18D88DADA3245612B7C5469F8E8F3043420B779F4BDA61C7EAA2CFEFB 5A8378298C969CD80D201B6543880CAEF34E7FFB2DDE080B5D26A8807333A921917D1ED5584368D639DDBC216DB394E0
CLIENT_RANDOM 7B98C4AE5A9C99F91C9966BD6C35A46DD91222995B193A19AB33C952832E3219 DA8D2F5300B8A35416973317CC7D1A1EBA206AA5F18DD57881F22DE4D86FAB05D939ADD7AAC87DDE4B8E16F7E23F24AB
CLIENT_RANDOM 0269332E6FA7A49587595C6167AE82EDC9CADEFBE3D7B375BC477CFB00F1BCA1 E38B477CD6AD3D80E9D24DBF5F558E3474147115EDA9CC77498EFB3CCEC6AC3FC5B3EC7DA237547584D6BAA4BE74DED6
CLIENT_RANDOM BBAFC8142A6C6F8DDD0DEBCAF2F26FF8D032E4071F588274DB8EB3DC0C4EC3FB 26CB5C5F8C71387203C6CC10CDDE50EEBFC85EB5F40EB60495EA471421A098B0F5B180E78A59E16B43081C8B23DDAFF5
CLIENT_RANDOM 31CB8AD29D6E37F3D767DCEA692104006A69577B0040CF1E0699C0AE943D8061 EB6C2155AD91959085FED247333C1C8CC96B0460DB66B84735DDFF3D29B4D83CB3F503C16D84B818B890854DB75CB29E
CLIENT_RANDOM F508C2E939CC7A4C8E8D2E541A4E68C559307A4AE4BD58435570A4A9351F25E1 09859C5BECCAF756446892502EC2B550146AE6F7A83108D6606652770514859E84D898EA9F89998BE9ADCE18DE1F2EDF
CLIENT_RANDOM 9C03605E597B62A97A20C6F1D8A42BCF6E7FBB9FDE21DAB4F6937A2802662F68 EC520F3BB0D2ABA0F145CB3AA0416B7A6CCA042B21CA7158123F923F9EC1A0A40DA7805B5C5377F06A2F9BA5808C336D
CLIENT_RANDOM 745A8C915CF0DF6548839304436C0C9A3AE815E86363AD1F297899C4014FD088 E1D7359D4D9116A05B4CF980D5596B2DFC476F4EFBC43BE1F02E2D1B1E31324D10FCA539005303A699B328D19231B1EA
CLIENT_RANDOM 4B8C563C7E9E030293FF0FA97978907C2C5710E5369F636B71AC657188402C7B B976C9DB6941914418B75B84EBBF86C0B0836D74949A542CB47DE100C51BD60E628F72445DF0641CEA3DE97F240154D3
CLIENT_RANDOM D759C3929270AFEBF62B5656AF25EC8541594F176FC46EF77ED2596C4909C9B2 411E0AB92F72B7469482B1AF1B2504BF7D163EB210ACEAA9162A82DA957765124A12E6B971429A4563FB30A463F1055F
CLIENT_RANDOM 67E429604D948C828158E02CDFFCB007D0C3B430899932D0AAF1421ADDA04B91 83904D7803FF6D3E2117CB2F62167023976CD5923F0F7DABA356AA2F8199D9A84529B31FDDAAA63DF538EC2697AA1070
CLIENT_RANDOM A734209040624217227EC6E5C2C523F0A1DE23BD939752CB3DC3689AC1031A4A B10E4A86B3BCF534DCCE966C3DDB39476C5DC9C73BF9F04896BF369FF4F17BEB412351E8FDFE49DD700B9D9048FDD43A
CLIENT_RANDOM 9ED25A5985EADFF488557C576E0908EED162841CE3A59AD57BF99BA05235472A BF0C7E10DC7727675567E88B2D259DFB5CB2F36007ED7CB0AC34F9DAE13783F06A22FEA06EFE5C77B3A96C348F7DB742
CLIENT_RANDOM 2AA50C3DBDCFFA7EA3235348E6F10EF4E27C131E67B96A600929A483E13608FB 65862FF50835EFDFFCE19CCC8AF901CAEE57E11E27604A2AA18D7048ACFF56B99716592C2745CF9A84F569D6113A4174
CLIENT_RANDOM AF97B02AFF936BF77701887EE0310E23E1A78C50CA1A7E6F2DFAACFD311DC9D4 9273321AF9F996CED0FA5CD311C74D53AB72B6453B9B00A081BEE5627A60C6135C009DEF0344788E162A3B12715E4697
CLIENT_RANDOM 929693A8657F0DE01455E4E4FC8BAFDC7AAB40E4731EA1BDA99AAA8A1B4BB70F EBF14C0B1DB96AB81AEFF89C531020E5577A6E595FB32E678B10011369D3E6927C55F062BE455DD31EBE79AD12B8CB22
CLIENT_RANDOM 17B5D8BD5080A9E3A0C0FED08A4C1125EB7D321A3B376F69310D9CF466DE6F75 400D4F2E5EA4D575E4F2A2003EBA1EA1BD4E6EA672FB0CC4E73768345733978E231ADDCA21B2F8D0F18769E0CE490E60
CLIENT_RANDOM 0CAA454D1571723335997E732239D7B3660CD12F5CD27D270DF13D549EB96E38 58C7070C135E3341C60E8FDAFFAD471BE50B7BEBBAD86D7BE8BDAB8A0704B24BB2E24BB902B5E65FD6EB097390DF09DA
CLIENT_RANDOM 897F94E5B235FD8D78CE27F366440B91A1684E4BE5C9402F72DA8AB5ABA11BD4 FA63AE6C2DFF6C8B52E4E92168E3902409F4626595501F0105551988FB0F1A29A6C74BD46D4DE883C3E284CDD293CD0C
CLIENT_RANDOM 0CAA3C00CE385008511AA852ADE81B3F9D93DAA7B538A1F0D51E3F62911A3756 C6BDB1F42865A50A2DE9E554EE9350E8EF4F1C56E43CB2E11B0FE878C1468084FDFA1ECC67C8FC45FB0A4159901A3C28
CLIENT_RANDOM 78AA2658254B2002175C9BBB9D5D88DDEC8BE181920301699C4F594040F7EB04 FC8F27044BFDAEE79461D5C3F8F29E099E9D4754CD84C64323B6DD908DC4023C34DF353EAD995EAFF7DE7D94D1CE0EFB
CLIENT_RANDOM 86B8DFE0561677469F5F250B2251D6E86B0E9DCAE79CA025DA21A5E7877DCA53 6C1A27677EFA0479F9FAE5E9B79FAB802B410443E28AF42642914B81F1CA07B5263B3BA0E994C2599E6EA21E7D339A83
CLIENT_RANDOM 3ED7FDCC70BC8406AF2389037B04A0F3B84BA333DDE7BD6BA221B23734879166 AF85D864710F3E1D132F0FDDC981C8D47FFAD740843F6CB4CF8FCA15DCD4484AA2A66A02BBD55EC6B75FF3A2B4DEA573
CLIENT_RANDOM D4DF31B18D54789ECC84918E133FC49AD33AD6BC75430EE363B5069266CC1A09 216E8F2735BEE93D8CE9562755237D0C1BA2E62409F29DADD46F09378CB7A42DC597AD9DEA382318B7D8BFB2FA614AC5
CLIENT_RANDOM 23C06F0A664AFD5147E81EF1F6D2D2C1CA2D028FDCB4203845B2DE7DB2D0D558 89656E3E620D3CE0DD3B448CDCEE10B6EEB1AC5AA7EC01F2248FAC1D522B91722A067A8714A28BB0040EFD674E0C814D
CLIENT_RANDOM 9948BF78F81EBC6B464B594A2F441C4C66BE2717F8BBF1BEAB4179F2562E1DB8 1321C5B5A60111DB3A272314BB6410393F6D05FEAF069FF6E9590D501915607E728EFE576DC4AC7E4C6F15E319407CEB
CLIENT_RANDOM 42EB88699B89EFD9C96F42FAB40AE3E46A70DDAC9471535E02D85E8184635478 2CF088C6ADA16F30494572A599A5AD62A399BAF214A801D3523D2EF2DFB2B8152983B03E875DFB968998F4BFF82727CB
CLIENT_RANDOM D9D8D00D0FBB49986BB63A83EDAE5E1852E9283D76C7B61444198AC9CF7D3B9A B1B17A00FECDC88724CEE95CDCA1032393B14202B39DC87B3405C41B373C93111C9D8259329CC6FF26DCB377CA930FAA
CLIENT_RANDOM AA58E45F5EF26220D949B31776F0EEDCFA90CF449E264D1BCDEB5963502DFF22 1EF7A27578996F70DBF1B0253F9D58E33621895E9398770FDF03EB89D6C613DFEA5019D13B78245AF7BBA14CAE835AE4
CLIENT_RANDOM A510AB38013645E4F3AFAFAEBC4B23CEEC99215A40A9465961CEE451A3D2696E 004BF3AA78832FCABAB3F07B04A744B3DC6EEB433CF88FFCEB7C7B85DE09CCE06EF3DC88C7D3BC8A3B2F6CCD6890BBAC
CLIENT_RANDOM 3E8D8CAF7AE63842B416C6D5BCEDF9013B4E9C9E72D7024E71E31A46EC16C9AC C8B3712F60B1444881A64721F28B9941A3D0E9C1FACF0FA8A3FA0F36038F310684F56F603F1B317E412053BBEA9A38D1
CLIENT_RANDOM CDB3F0D8FBB9A1C13A503B479BBD7DDA401731BD3A70143808314FE3408E6381 A8915469D7FCAAB65E8E9DBC2234CDF70C09A1EF2D1F88C5A411897A16B80B992503A3ED729FB73F184E6BF959035247
CLIENT_RANDOM F82644F4675BA557BEEB9A880837831F4A189679BFF2F349284C2B9012F16563 228C906CDC66C1F46D4ECE2019C7E142CB944BED047F680A367193C986A10749781DCD544B0AE06B9CAFE8D92F231356
CLIENT_RANDOM A72291A173B1E10F6E39DB2B053912F4B6A2A8496198DAA286867A29D5E68112 1958DB2C92A86ADDB577F506EF4EE1DB6791A000DC966048CC068DD4BB142B90EE82A59E70A5D6AC8E816B47DC4A72EF
CLIENT_RANDOM 629E175F6D8536A1AFC2A5FAD5870D3250BCE58EEC0ECE4DE443B2CFB043F656 C0FF0C13320B481194025C632043C05B7F19C83D1C8DD0954B650266230CAF29041991A033EB6AFB082CFFDF02DF2A60
CLIENT_RANDOM 6ECB50E46302C12CF650FC580A3E6DB1444A045B5FDB4D86B346DD5630D206A5 5E35E899C2023069BD53F7AAFD52B4EDBC7D1BEA8AED3DD62895AA8BFBBB224FC6FA02ECA5CF5960650457C6E56003BB
CLIENT_RANDOM EAB10BCECE3CD4E7B0CC62E374314EF46420847AE7E3ABCAAD09C0B5D1A9F5EA E5D638A39218925BAE7E1EB107F5BA9E1EAC0767B762FA334B9D3DC88860004B277A7DB8D1829C1EA4F4939EAFD4A438
CLIENT_RANDOM 9746D16E785DE730C8B2C18A0DCC3116B1A711C274F58899BD33F655E7F52457 4136E2F0A4D36783B78E627AD340A70C1DD3E232AD70CC772D880FCD4FD0C2C31DC029E2296677C0D08BD63FFA468B61
CLIENT_RANDOM 48DEF55EBC26A69B979DB43ED12B34EDEAE173A67DDC164922FFB69914C2AD2A 8DB931864B61C17BFF3C627B191ABD7E9147B8077A4E89F06FF5CC78CA2D339C05C938965E33A36963A6FC4C3E461D37
CLIENT_RANDOM F774F5E02A6FDA66F54264A999A8DACC2BF81FB80307A3135FAF799B23B48063 DE004B8FBBA06A3C22AFA045508584821313B0F6EDA737E15CB8E0BA3498C4415E57BEEB1B7239691893A2EAC9D90FA4
CLIENT_RANDOM D72AD74D200262ACA33B2A2F301FB07A9D5B883498412804723DCEEFB0BCF078 3970F461B0685CB3EBCF177C763A844B387F111E65B0E521DCCC9EEAB67FF0DDE8FA4FBC1BD6E8B37561387344E947F9
CLIENT_RANDOM BF6CF0E4CCD7CC9D790AD0F4842E5EE878F756EA5917B06872C5AF32BCCF9707 E7FF9F5CF6720DF25D745886D286501F064C4248EFCF9EFDCF94DBD5B1998D2EF8A570FDD2CFEAEFA97DA7C944BC50BA
CLIENT_RANDOM 9FA78053FB3DBA395C6153CB89F6729F49E481A6CE81CD5FFA95424FBB53C4C3 E285784E7D6D60D84BFF15192563EEA81126A8C4941A2FA4BA1A5008A4E02940A3D1362DA1C7AB776EF96CFAF6F3B5DD
CLIENT_RANDOM 1C249C3802055A6528C2A7FCCA1E5596BEB45AC981A9831B287AFF42146B4AE6 99928786E3987BE773C734FB441750156EC622DE2D0F5CD71994FD477385B8F5D23FFA7B8B0A0FFCCDBD72D65562EADE
CLIENT_RANDOM 69BC0599B87FD53F42E50A0B4FBD4A91C12F4F0A8D50DC89375313EB86DE92C3 39983CC5251D734417D585DE74E53F6BBE457383E79565403D5438F4720BEBEAAC5192DA8D6D9697339622C261DB1C0F
CLIENT_RANDOM 670C0C467E0573B2E82E73178B3EAC761FE5876460E4554C6620B278828462D3 DDD1B65704C9507CCFEC1AD4F1628518ADE2A3633E7CA9465A0AAFDEF83ABB3A15450DB2FCD67EBE849DB06A73CC6EF0
CLIENT_RANDOM 718F23FA9E0286DC92A257C183E34F175EAD2532C0014D439CC4506AB0E4D043 2C7902D13A5E01C22FE77E3A1D7E1F20DA1C386421EF6E24E5690CCA29A78CEC98E37D2503862843936E65BAC3BA09E8
CLIENT_RANDOM D5C1E23DFCF3CCB7ED2F16C1F7D0D877A76D82CA7FA89D8D11A785CB4DD53B21 B800EBBF1ABC8AC4F78AFBC7404049915151D96642AE4FCBB666566B167F2399EA4789F46F085CAD21EDAEBE28B306A4
CLIENT_RANDOM F16572B1B8861F09D228E61A8C9BBB4D461BB8380527BF6AD5D5454B001F2ADF 73C68F65AD96263E006B8F5F5D3B24BF4E2FB57CFA75956F98D90CE4A2307FB8477124406227ED155E90240E86543DC3
CLIENT_RANDOM A6DD34FE534FD5CDFE219DF842A2B61B0ADE39F06E93FB6FA536F06324CD03AD 32D6C59C6B0256FE039D7596316DAF5BB9971D0DF8D898EF5F6FE8020A9296AC26F0585D6975C38ED8D05BE71E95E09D
CLIENT_RANDOM 8114B4F09073FC4592A0B416BE88AA3C56D62788E8BAD601CB5527C3BBD013EA 3E3651DCD20476246C641BE85A42326994DF5BE523E8AE2BC8EFB4967B4F08A776A8F7380CFDA08F824E13447BF459C9
CLIENT_RANDOM 0A588861C49E0E74DB5163B15287A42B8B75C7EC84E6504A32E4580D64821159 FA028BE3F5194CC8B353610BD6ED2556123DA97A7E5BA823956DD39D86135486F5063A0EB2C6517CF7E99E9689435D25
CLIENT_RANDOM 2B0D884E676EE7B46EAB68B05FBE3246DE799012E125E05CF7969DD2B481D415 99F0BCCEB7BB1F5535BBFE8318502D7A4F45B2287F17DF784FF3FC7D77032327701C1271293DB6A0D0CF0482F265C16C
CLIENT_RANDOM F8E5E589DD77E93645B98C5B3255DDEE0830A215E41C0F971690ED491513B698 64D4AE8E8128668A76954A6DD7AA734D2534CD89F3BF7FE142B4E689AC450CD2ED98F11ACDC023800766F7B7C0FE8304
CLIENT_RANDOM 0F6B898718F51F5A8E7054C90DE344EBD1525B2171EC4EFBFE3E692128FD91C0 04AB142E822BDCDA1A3C9F26A1B272131758A86F6AE975A68BA693E20D2AB574CA50BB593570C4931A3E3022F78B116A
CLIENT_RANDOM 8659A4F0CBACE1AF74C69552CF7F6A17D99850BCC838E1C4B90B2BFE8265A462 DA32F7FD2B3E7370EF1ABC10DFB1720538B113DA70CDF1118448FB67B00C9DA07696F12414326DC9C923E6AE8E113D65
CLIENT_RANDOM C7C658950AA302887AD3ABA445BDBF386D1DB77D4C2BDB1BBF1D690963DB64A1 73A36D85B6C76DA6BAE69D1DE8BA6369483883B2F814D423E02969B75F0B23CC117B069A407772EE05AD027BF30DB48C
CLIENT_RANDOM 43A1CA4CFB8A5FFCA3653C4BFE950AB9E2510B43993150C1F968480C402060FC D94684A6CC92EA7BBB992CFA5494869342217C60AAC6E40E0400790D46DDE5680FBA323E439284177695FE4EB9A53E9E
CLIENT_RANDOM FC28A47BFB31A152C5A0492A17DBD107BE8176ED4A59BBB6C0A6854EC9ACA428 7652E5480C84FCF702B8F21B0C377A1A9421226DECB2E063E9F33B70971673DAA678E00862B8055D21650494F3C2D262
CLIENT_RANDOM 8CCA8E823870279ABA616F5C1D5D57E80F80EBA57DA1DE163936F32F50CE0A2F ECE4BE37D6087E360ED596816CB379C91D9FCC6FDF95B126D8B989A58D52057488F67D7E14B6A580837E494131D63EC4
CLIENT_RANDOM DC1EEDFC91030BE65168AAD1F6E85E22F111FD35C37CEE03DB4493533E67BC7A BDCCDE22E729EEFE492ED6A46B21D7184A71DB28D4F99CF22907047D841AE2C50EBDFF1CB89B4A8EB57BD325285F84BD
CLIENT_RANDOM 4678FD2782D76B1027F13A3BF88AAC1B79A706DAD69311900D6C3EBE1175FEAB FA2B3F850B83C8A9D9FF3FBC857D4FBBD9F7E0868D04124F83EEA47530822284AC9A7BEE7E5DEE2B4F45CD605475C1A4
CLIENT_RANDOM 7595599132C377E11BD0B80E239DC4F48864D135E0BBE4208A526B443CA4B0CA CFF2B38C73E5EED13A965D3D39018173E4E86AEFF7BF933D8971A7ED873900940565CD8761E1F38B1DF37D00E6825EB5
CLIENT_RANDOM F5237AD4217878A3D15BC9E5844F3C22ECE35AA1D664A162806D479B705649AC 3DFBE69079496F77FD2A7B00217A3A381FB6A10FBFEF9F86A777F2F92A6625C71BEE97CE02EA54DE03347E7118483501
CLIENT_RANDOM A778A899ED83C2BCE90E2B00A2580D79B37A2B22DC9CEB3576B4C98E172BEB20 3CAFAEC8CF2113BE33917BC3BB44EB01328DA8B1B51A06F39D065D38FBD0617A9BBBE783403BAD50163FA1B00DF62B32
CLIENT_RANDOM 13AD67B13F09B3A3FAD46512A6E7CC152DE8C3D9C9D52022C15CE8B0D963DD94 D0799A5C72D454B7927F9008CA621F884C0780039F21643B772878260EBDF328FC4ABCADF8D5EC6AD5033661937BE5E9
CLIENT_RANDOM 8844C454FCCF72941BC609C5939520A175E6B7D7407EF1FB1B1DD14FB3899946 53B5F40A7B51A6480107C2E3C5EE16701BBCE167BA07322B1EB40F4AAAE4662B22CAB18DFD816396FF4FA226E8681660
CLIENT_RANDOM 80433A5E6B6C850EFD14500B63C0DC91C9A93E54F8AFBE3F3342AA2FFD20B847 8A1B3301917FC9992532B8154EAC798D70483A9ACAF552389607C96A1C59317BCA7E1C2479EDD6C9F23E676337F743DA
CLIENT_RANDOM 2C3DE1EAF6A9880E29249335024C24214FC3C10EB922A26FBA44C39A2ACF1789 CAAC28609C308BBA37A2648265342A35B10803BD114A897680E42C810BB9DED988EBAFFB4F12AD0EE51D91AD78FD9464
CLIENT_RANDOM DEB1E93336E04C176D11BF2FC5743CE41CAE450F5297380188EEE9400DCB678F 88EDBD1C0379922C01FBC08F6CDE26E185ED17A62A0D2A5E6D17569652E9DB68EE40C5D014D62C7F85F4493C2353EE2C
CLIENT_RANDOM 128F0C089ED15EE20BE2F0D574C9DC8393F854313018EA44492C46996CBB499C FD2F3CC8173D07877063161AE0734ECB23D775061144FBBCCDC9B86C64E0762EE9BDAF6D88699FA70482BB29B2C3FA44
CLIENT_RANDOM B7D99CE52ECCDED029A000AAE278640075E7A3082C4136D0F3D4BAC15BA1112F 03C29A6EA466CAB5FCD1ABA5988BBF2FFFF884FBB17CC912A1E1C2E2F507F47829768DE59F87617D745AE5952B5DFAD6
CLIENT_RANDOM F45C14E2646BFCA15722312FE900F20CCBA8277CAB2B03815BAE441DC24E49A4 27C63ACB773BD664B27016B7190CE55D1D6DABAA0817908AE2C90B5319D0ABD33CC4837D0F9BF759D6EB996E26091DBE
CLIENT_RANDOM AB653E79A7C24543E13389A286B6CF91E4242A27E261C1CFF12023712B4A4768 09396A804678ED5F984801A0B8425AF152C514B6B962B1D71ACCEFF780E6597B62645FA2E736869D5BDCF4E4E40787B8
CLIENT_RANDOM 133547376C7F7D25A12902E569DCD5A444CD794603B77EDF8CD8B388129B3A8B 0282203777BE0610A94085C09F72E8DFF9145E11ECAEC39595F24282DB234C2690B90276D23E39F6A6B8516CBB62439C
CLIENT_RANDOM 50CE1015D0A754E0E7DA404869FA492BE15882144B9BB94440606DADED77866A B7D551D2025B2B3F83D35BD14C989EED39D1A9EC2A677F8279E7AC2587D4F490DCD5A9B9EF8FC06E100D0C077D3C3F1E
CLIENT_RANDOM 25D72737BFA0E53C3A0DB7AC759D32CE68B698A892C03C299B09D80100AEAFBA 8C9B71F07E3B4BDA1589B063CB450AAF058F39D8763EA5D42396776AB9D300E41CBF7C7AB43E5897F747DAED83849180
CLIENT_RANDOM A8BC9C6EAB7AA0FDEC8F6B3C2F1614EE6DE8B3EDBCD7D6490604F6476C311C41 E053BD1436292F6FC0ECFDFA8D393E6CEC074573980D68E0B62B324DB3AC8AF761EC52D7C8A65DCE370FCCE3E9FCDDEB
CLIENT_RANDOM 4524D491E245F07C0A9F719690DC20B8C5D7636DEAD655E3C99F8B99F5ACA444 EA9AC29271BB53DD96A4C0A8B6AB0631C49040F59BE59C15DE8F452E490D14BCCCB8E31771AF01809C6B40C9EEA87F02
CLIENT_RANDOM 3075F5A3DC17E88EDBFAEDBBCC081BA8CF15624CB38D5AF49A41791B337EF6E4 224B55FB8A65179BEC1B34D8709F916EF1FAF37D1A65AE9190A65F473006D507EC3D5A4DDB610C3C44D3D3EE36D12190
CLIENT_RANDOM FFB46E04169476DF2BC6333FFD115E49BB3624F1E1CAC09CAF62FDA8A5BDFDDF E9EA6C9DD7C9E5D4CF7D7FA8C337262753DEB063063282D7B98801CE789B9560756EFA85311106A8E7760B9137A6189C
CLIENT_RANDOM 9D64D20E07EC86B98950843FD4FFFEBA29172D7A0FFCE1C482BAD0218122F1A9 302929CA28E61C15CDC2E47D5D0E3836E6AEB861C58D9150D67B6711DDB87FEA3AE120D16289FA6F67BDAB193462758B
CLIENT_RANDOM 44481C1EE6A3F9F64797280E9ACBBCA4EFC583D63A382B6111D40EC14992138C AFB52627782DC5162DA118F4474113A6D5EF544966AC4C2FC4A8DEB1D0DCBF18D5234CEEBDEE4C23EA55DE91F31EB0D6
CLIENT_RANDOM 80FFA2722587F2C8D8881B18A1C451FDB7A151EB6CC079CDF71B9D987221611C 9DBC0CC4B3CE9BE8BFCC92BA16CF4493604FBB39DBE7AD4D339E29289FCB156456B63CF20AE09DEB31132C3D7D4287F2
CLIENT_RANDOM 5A5689EA73003E488BA43B7423ED41A168F0B1163813E6EBD260C9C3DA4F5072 2324C20459CCCCF3FBCDA50A57D3AD95CDDAAC1463638994C9B0F14302ED3985F45B9B54B3C645F63855D1A7FC65C2F1
CLIENT_RANDOM 09D005EB5A1B50FDB23B85778064E888B246FC9593E03EF2384418D3BBE57AB4 49465F4E12E2D0F8CB76C4A142651CFA14EBFD795FD689E247190434F4384FFF0C66EB90E64211F1847096E03EB664C8
CLIENT_RANDOM AC6C6AF421BB28919224D07FA3C367BFD9BC21F25B901DB722258F85F30713CE F5C690F0AAF52857F72045CE2AFCA51B07BC0A8BA67AE9DA1B74FBAF0CEDA7BB54461706B2DB61AF653D6E4DF5370A1B
CLIENT_RANDOM 3D41498539398C01D0897FADDC40FF513422E24AF3C4A7E740B7AE3A683F5FE4 3D442A122729256F201F2DB37544C01A3860849CE9F274C317E10CF9810982262F6415376F219F06535EE5D9AB2F40FA
CLIENT_RANDOM E496AA5E59B54A849E987459E34AE4176A11565C22E810655DD8B27074B6CC12 9DDF56AD20D0A95C68AC672C4BF35FA4F39A574E6CEBA17CB83521E73AB344A4BC743C95FC6B1E1D7A42B8A27CAA9843
CLIENT_RANDOM 7EB71FF82E4392C026963D6F41A138D78BC5682E9D24BE02BA74B7EDC4CB5C05 4AB6C74E6D39C5662B03F774EA186EC61C2EAD4C09B05BDF216AE13FE10025A753C6C7AB29A091E4A2077B3AE982FCD1
CLIENT_RANDOM 393B3161C0E6F91E17A8EC76A6BD8C5E0EB2B9F25F4F317B51FC64C70D346447 F9874468CC67C7D322E0EE012C9F43E5B4B8048D8E0BDC357A1D1BDC217B4D34AF2AB1F0400508F2A8C109FEC819C964
CLIENT_RANDOM 16B23F083A96CFED093289A8AC38F3F3097C1A0FB0872131F4E465F7D76BC761 3DDD760BD29A9E3B009728B7F8533260F8F5FD55061059CCCFF96A777371ED782A27198269FEB0DD4E67592022EC1583
CLIENT_RANDOM CC8035D4FD8DFC2D33DA06CFE8C50E85D735BF62F7CA22E3A7D2263829706815 60F37BA08AB192BB92D0EDE15F6B762D54C54F6B3877774B11B34D7923119ED542ED13622A44C4EC8CB18041AE7DD7D0
CLIENT_RANDOM EC61988450FAA9EFCB91820DDB4220628FE335D1D9994563750FA52BB8A32D7F 8068507B40EBF065EF81C2618CFAFF31E062853EA888D4BB527E944AA500B30BA50F3F781CB603C1825897E7F61D0AF9
CLIENT_RANDOM 867476A24E0B8BBE1902E5439D4C8863A48C74A538DE403864642B3BC861E68B 8004C68E76C898E01ED710925546D858239A374613E9177500C52ED08C1193BD0BAF1136BB3D7AB806F871A3EE4DDD8E
CLIENT_RANDOM 95AB8EB0B5A573CF8ECE8A98768D80EB2FE36163F8C5D193A097AE50E7C1FAE7 57901EB6986E187559DE70CB811C4725461647EBF2F3FFC4B3ED464B1FAE151D10285ED4308F9175EAB43200992B8066
CLIENT_RANDOM 6AA22AC8EE4184F14BB6E988C43DC0C2BA581B78805CD3076448DFCCD8D283E4 FE413A8653B765DB8A6EB9A923ED12B78AB3C1DFF0DA146AE6A9D7D6B7B7A2762C3DDB027FEEF3AB1971D8E218400106
CLIENT_RANDOM D8FB6C1D8EB38796251598E71BEDA9F174E5527603516CA5F00A38C6A0A5B714 AE7460FC3DC86C899D4BF46015B2B9F3480EC9D5AB7134CBE9DD106F81938B5A52F6DA0BFDC02FA9C3D727EFEC67CDF7
CLIENT_RANDOM 43254ADABBD7981DC6648BA7E59C9C3AEEE5AD7307A4D5CF1F15CC747BB5E5B1 676AEAC092A09DB22B897296BCE9B35F57575A13BA144B246F7FF56FC11022A4671DDCDBB53935E93940E42B44379F5E
CLIENT_RANDOM 3388479D310C9FFCBCA304F569CD49257B2B43E9376117B0E4B6035325433991 1931AFC6C412495668E9304BB0B82F48712B8D20359BA4B19017BA94F4A824ED7BCDB5FDF61B2F2313A2C9ED9F24060A
CLIENT_RANDOM 223EB9328BA973DEF748D5E9F69E88B8C1F78A5F89AF881B9CC9677B9C30231A ADE81E154A9A0088ADC38135921FC3AD7BCA22B09D1A00B996F71161058184FB40EACD3160F90A608992B902F2FA3A6A
CLIENT_RANDOM E39FE490F94D265416080D717107682D1ED60F7E9ABAF36C4E8797FF2BC58614 E5F271FC0E03F80A86AFE47E160A661DE26D86CC37FF9DEFC3DDEF7AEB0C0D78035A725CC380CF1A158264CC490E8F97
CLIENT_RANDOM 68D58B4CC1F34063DE41C64C700AADEB2ABF534080A50064EA1177093F1E3C11 4A590DEDBAFC8A02DC4FC4FD0F7DDE300911F04B1B2354079EE15C30B00139AEFDDB81C4EF4D2545804B2EEA6AB3103C
CLIENT_RANDOM 695AC7CAF75013CEEBFD96149BEBF2F5D6F3CD59ADFEC5E59945CC698B8490D4 3E06D8EBB70E4A99097333915DB9A5D0D16888ED44EB5F35C68C97C1028BA7DCA05FF0087BB0837E2702A205FFD756DA
CLIENT_RANDOM AED2952156B191E3E036F1CB713CDD1EC16CF6D797799AB1811548A90741016F 14B59C1F928CA9CB061395139A1E0FAA296BCD0AAA920D5BECB71A0B14928CE46DAE8A82D801D6D3A4A5E245F19043EE
CLIENT_RANDOM 68B2E7931D3C9A1B039D4F8BA8607F1F22E0075143145F66125513F0F0A2D1D9 97381CC48455F9A00DEE421F5FCF16C0099CA2D697B3649CAA5F5372EA398E42A65C5983D18A677224E98E2FA2795943
CLIENT_RANDOM 609E97DEBB907DF8A4FF29199212C57DDB24FE027E05727EED628FED8D581024 416387A224AE000D8C131C46A11093DB7102EACF8DE4E54470FF5D563287B5D7E2AF5AE21FDBB4AB4A27026A100E8B1B
CLIENT_RANDOM 27AE9CB6AFE50466DF5A8FECEEBF847B542C15CACD0904B68138A4CF70573118 DB1F2C8F0DC6B9EE5FF8EC8C187ABDB9E80F03A24B4E6D774A5FA111D02D9602042F92A897D9CECEB2B9AD213E6BBC39
CLIENT_RANDOM 8FD4652F83A19C93B28863FE431993C5A0C072CB2B5A47F63284F6E3E0469F33 F6E13537645DD638DCE9D21FDF42093EB27F3BC945CCE32CCADF1BB387764E29535638E870AB7847511A7C13FCF68902
CLIENT_RANDOM 4DC9E57948803436EF8B3F6933CB62536044E05ECDA1FA378CAA6C01248E2F86 DD73C34F95E4B30244069308B46678316AFBC95BE5B13FDBB1226647A588BFEBCCF62BA3666C9E9A88AB2908EF8B520A
CLIENT_RANDOM 6ACD619B6179126B216EE5648D6C161C03790E14ADBAF7D900F7F98A81B0C5F4 5F246489CF1317D8E7D3E8259A0D7C1426FE9E49922340395832883F5E1B48AD3EB845429C50E77D7BBA577AC99B5DAC
CLIENT_RANDOM D2F1D22E6DAD48E708D5BA74E72833ACBC6A18B98D314AC95224A79635D4B48D 2D9E7B5B2A31538CF2522E5D45B1764490EBDD1BFFC16777C65EEBC436A990A890190D33C5BAD717B86DCAD9526DD969
CLIENT_RANDOM 687DF5C0CED870599DA1C947219155125BEFBE5D9359FCCC2F40B847A4BA9700 92A6C6D9E26FBE44E41D8A77127F3FFFB9A2B2A710C0869AEF1701554C7B89C2ACD6C76973E934464DE3A302C8FD3F4A
CLIENT_RANDOM DC172A3066BF4E66A7C9047895D050A64C706421AC16420EBCF3F2A6D639EB53 9E159D41ABD3D39BACE63FEB4BAF85889BE9F5453DD0314734DE5FA6A3B0E0AD1D626B6BB7EB25C7009F507525BC2508
CLIENT_RANDOM B2F4FBF269DEB66E4E2B8DC192E1155A4CE26EFEE985191B24A12E0C3F1BC56B 3328D9ADA8BE1C5398274037F96EEC8534AE43BBAEF33AB427AA88B3CE15106D0536BF30E00DDE08A496C2A6E8E389A1
CLIENT_RANDOM 1B3B1F91871035C0388FE822DF3D167613B1671948C92210D0BBF63081CC55D6 2F23B39D7832ED8D0569F89EC6FDD5E183E56A7F30110C4860B2B9D288F46E8C02607899DFCC494C6B7CC94EFDF4FE42
CLIENT_RANDOM F4BC0E144E1EC906C614A370E5888DD7B652096BC6116D74325753FAE585A1EF 9118FF9965627C140B3F8E8359BB5AC8723B82629952FE32B3F4AF3682435FF2BC5EDE378584C810E6E651B1D79EEDB5
